Grammar

    0 $accept: lines $end

    1 lines: /* empty */
    2      | lines expr '\n'

    3 expr: '+' expr expr
    4     | '-' expr expr
    5     | '*' expr expr
    6     | '/' expr expr
    7     | NUMBER


Terminals, with rules where they appear

$end (0) 0
'\n' (10) 2
'*' (42) 5
'+' (43) 3
'-' (45) 4
'/' (47) 6
error (256)
NUMBER (258) 7


Nonterminals, with rules where they appear

$accept (9)
    on left: 0
lines (10)
    on left: 1 2, on right: 0 2
expr (11)
    on left: 3 4 5 6 7, on right: 2 3 4 5 6


state 0

    0 $accept: . lines $end

    $default  reduce using rule 1 (lines)

    lines  go to state 1


state 1

    0 $accept: lines . $end
    2 lines: lines . expr '\n'

    $end    shift, and go to state 2
    NUMBER  shift, and go to state 3
    '+'     shift, and go to state 4
    '-'     shift, and go to state 5
    '*'     shift, and go to state 6
    '/'     shift, and go to state 7

    expr  go to state 8


state 2

    0 $accept: lines $end .

    $default  accept


state 3

    7 expr: NUMBER .

    $default  reduce using rule 7 (expr)


state 4

    3 expr: '+' . expr expr

    NUMBER  shift, and go to state 3
    '+'     shift, and go to state 4
    '-'     shift, and go to state 5
    '*'     shift, and go to state 6
    '/'     shift, and go to state 7

    expr  go to state 9


state 5

    4 expr: '-' . expr expr

    NUMBER  shift, and go to state 3
    '+'     shift, and go to state 4
    '-'     shift, and go to state 5
    '*'     shift, and go to state 6
    '/'     shift, and go to state 7

    expr  go to state 10


state 6

    5 expr: '*' . expr expr

    NUMBER  shift, and go to state 3
    '+'     shift, and go to state 4
    '-'     shift, and go to state 5
    '*'     shift, and go to state 6
    '/'     shift, and go to state 7

    expr  go to state 11


state 7

    6 expr: '/' . expr expr

    NUMBER  shift, and go to state 3
    '+'     shift, and go to state 4
    '-'     shift, and go to state 5
    '*'     shift, and go to state 6
    '/'     shift, and go to state 7

    expr  go to state 12


state 8

    2 lines: lines expr . '\n'

    '\n'  shift, and go to state 13


state 9

    3 expr: '+' expr . expr

    NUMBER  shift, and go to state 3
    '+'     shift, and go to state 4
    '-'     shift, and go to state 5
    '*'     shift, and go to state 6
    '/'     shift, and go to state 7

    expr  go to state 14


state 10

    4 expr: '-' expr . expr

    NUMBER  shift, and go to state 3
    '+'     shift, and go to state 4
    '-'     shift, and go to state 5
    '*'     shift, and go to state 6
    '/'     shift, and go to state 7

    expr  go to state 15


state 11

    5 expr: '*' expr . expr

    NUMBER  shift, and go to state 3
    '+'     shift, and go to state 4
    '-'     shift, and go to state 5
    '*'     shift, and go to state 6
    '/'     shift, and go to state 7

    expr  go to state 16


state 12

    6 expr: '/' expr . expr

    NUMBER  shift, and go to state 3
    '+'     shift, and go to state 4
    '-'     shift, and go to state 5
    '*'     shift, and go to state 6
    '/'     shift, and go to state 7

    expr  go to state 17


state 13

    2 lines: lines expr '\n' .

    $default  reduce using rule 2 (lines)


state 14

    3 expr: '+' expr expr .

    $default  reduce using rule 3 (expr)


state 15

    4 expr: '-' expr expr .

    $default  reduce using rule 4 (expr)


state 16

    5 expr: '*' expr expr .

    $default  reduce using rule 5 (expr)


state 17

    6 expr: '/' expr expr .

    $default  reduce using rule 6 (expr)
