Conflict in state 10 between rule 11 and token '-' resolved as reduce.
Conflict in state 10 between rule 11 and token '+' resolved as reduce.
Conflict in state 10 between rule 11 and token '*' resolved as reduce.
Conflict in state 10 between rule 11 and token '/' resolved as reduce.
Conflict in state 10 between rule 11 and token '^' resolved as shift.
Conflict in state 19 between rule 8 and token '-' resolved as reduce.
Conflict in state 19 between rule 8 and token '+' resolved as reduce.
Conflict in state 19 between rule 8 and token '*' resolved as shift.
Conflict in state 19 between rule 8 and token '/' resolved as shift.
Conflict in state 19 between rule 8 and token '^' resolved as shift.
Conflict in state 20 between rule 7 and token '-' resolved as reduce.
Conflict in state 20 between rule 7 and token '+' resolved as reduce.
Conflict in state 20 between rule 7 and token '*' resolved as shift.
Conflict in state 20 between rule 7 and token '/' resolved as shift.
Conflict in state 20 between rule 7 and token '^' resolved as shift.
Conflict in state 21 between rule 9 and token '-' resolved as reduce.
Conflict in state 21 between rule 9 and token '+' resolved as reduce.
Conflict in state 21 between rule 9 and token '*' resolved as reduce.
Conflict in state 21 between rule 9 and token '/' resolved as reduce.
Conflict in state 21 between rule 9 and token '^' resolved as shift.
Conflict in state 22 between rule 10 and token '-' resolved as reduce.
Conflict in state 22 between rule 10 and token '+' resolved as reduce.
Conflict in state 22 between rule 10 and token '*' resolved as reduce.
Conflict in state 22 between rule 10 and token '/' resolved as reduce.
Conflict in state 22 between rule 10 and token '^' resolved as shift.
Conflict in state 23 between rule 12 and token '-' resolved as reduce.
Conflict in state 23 between rule 12 and token '+' resolved as reduce.
Conflict in state 23 between rule 12 and token '*' resolved as reduce.
Conflict in state 23 between rule 12 and token '/' resolved as reduce.
Conflict in state 23 between rule 12 and token '^' resolved as shift.

Grammar
rule 1    input ->		/* empty */
rule 2    input -> input line
rule 3    line -> '\n'
rule 4    line -> exp '\n'
rule 5    line -> error '\n'
rule 6    exp -> NUM
rule 7    exp -> exp '+' exp
rule 8    exp -> exp '-' exp
rule 9    exp -> exp '*' exp
rule 10   exp -> exp '/' exp
rule 11   exp -> '-' exp
rule 12   exp -> exp '^' exp
rule 13   exp -> '(' exp ')'

Terminals, with rules where they appear

$ (-1)
'\n' (10) 3 4 5
'(' (40) 13
')' (41) 13
'*' (42) 9
'+' (43) 7
'-' (45) 8 11
'/' (47) 10
'^' (94) 12
error (256) 5
NUM (257) 6
NEG (258)

Nonterminals, with rules where they appear

input (13)
    on left: 1 2, on right: 2
line (14)
    on left: 3 4 5, on right: 2
exp (15)
    on left: 6 7 8 9 10 11 12 13, on right: 4 7 8 9 10 11 12 13


state 0

    $default	reduce using rule 1 (input)

    input	go to state 1



state 1

    input  ->  input . line   (rule 2)

    $   	go to state 24
    error	shift, and go to state 2
    NUM 	shift, and go to state 3
    '-' 	shift, and go to state 4
    '\n'	shift, and go to state 5
    '(' 	shift, and go to state 6

    line	go to state 7
    exp 	go to state 8



state 2

    line  ->  error . '\n'   (rule 5)

    '\n'	shift, and go to state 9



state 3

    exp  ->  NUM .   (rule 6)

    $default	reduce using rule 6 (exp)



state 4

    exp  ->  '-' . exp   (rule 11)

    NUM 	shift, and go to state 3
    '-' 	shift, and go to state 4
    '(' 	shift, and go to state 6

    exp 	go to state 10



state 5

    line  ->  '\n' .   (rule 3)

    $default	reduce using rule 3 (line)



state 6

    exp  ->  '(' . exp ')'   (rule 13)

    NUM 	shift, and go to state 3
    '-' 	shift, and go to state 4
    '(' 	shift, and go to state 6

    exp 	go to state 11



state 7

    input  ->  input line .   (rule 2)

    $default	reduce using rule 2 (input)



state 8

    line  ->  exp . '\n'   (rule 4)
    exp  ->  exp . '+' exp   (rule 7)
    exp  ->  exp . '-' exp   (rule 8)
    exp  ->  exp . '*' exp   (rule 9)
    exp  ->  exp . '/' exp   (rule 10)
    exp  ->  exp . '^' exp   (rule 12)

    '-' 	shift, and go to state 12
    '+' 	shift, and go to state 13
    '*' 	shift, and go to state 14
    '/' 	shift, and go to state 15
    '^' 	shift, and go to state 16
    '\n'	shift, and go to state 17



state 9

    line  ->  error '\n' .   (rule 5)

    $default	reduce using rule 5 (line)



state 10

    exp  ->  exp . '+' exp   (rule 7)
    exp  ->  exp . '-' exp   (rule 8)
    exp  ->  exp . '*' exp   (rule 9)
    exp  ->  exp . '/' exp   (rule 10)
    exp  ->  '-' exp .   (rule 11)
    exp  ->  exp . '^' exp   (rule 12)

    '^' 	shift, and go to state 16

    $default	reduce using rule 11 (exp)



state 11

    exp  ->  exp . '+' exp   (rule 7)
    exp  ->  exp . '-' exp   (rule 8)
    exp  ->  exp . '*' exp   (rule 9)
    exp  ->  exp . '/' exp   (rule 10)
    exp  ->  exp . '^' exp   (rule 12)
    exp  ->  '(' exp . ')'   (rule 13)

    '-' 	shift, and go to state 12
    '+' 	shift, and go to state 13
    '*' 	shift, and go to state 14
    '/' 	shift, and go to state 15
    '^' 	shift, and go to state 16
    ')' 	shift, and go to state 18



state 12

    exp  ->  exp '-' . exp   (rule 8)

    NUM 	shift, and go to state 3
    '-' 	shift, and go to state 4
    '(' 	shift, and go to state 6

    exp 	go to state 19



state 13

    exp  ->  exp '+' . exp   (rule 7)

    NUM 	shift, and go to state 3
    '-' 	shift, and go to state 4
    '(' 	shift, and go to state 6

    exp 	go to state 20



state 14

    exp  ->  exp '*' . exp   (rule 9)

    NUM 	shift, and go to state 3
    '-' 	shift, and go to state 4
    '(' 	shift, and go to state 6

    exp 	go to state 21



state 15

    exp  ->  exp '/' . exp   (rule 10)

    NUM 	shift, and go to state 3
    '-' 	shift, and go to state 4
    '(' 	shift, and go to state 6

    exp 	go to state 22



state 16

    exp  ->  exp '^' . exp   (rule 12)

    NUM 	shift, and go to state 3
    '-' 	shift, and go to state 4
    '(' 	shift, and go to state 6

    exp 	go to state 23



state 17

    line  ->  exp '\n' .   (rule 4)

    $default	reduce using rule 4 (line)



state 18

    exp  ->  '(' exp ')' .   (rule 13)

    $default	reduce using rule 13 (exp)



state 19

    exp  ->  exp . '+' exp   (rule 7)
    exp  ->  exp . '-' exp   (rule 8)
    exp  ->  exp '-' exp .   (rule 8)
    exp  ->  exp . '*' exp   (rule 9)
    exp  ->  exp . '/' exp   (rule 10)
    exp  ->  exp . '^' exp   (rule 12)

    '*' 	shift, and go to state 14
    '/' 	shift, and go to state 15
    '^' 	shift, and go to state 16

    $default	reduce using rule 8 (exp)



state 20

    exp  ->  exp . '+' exp   (rule 7)
    exp  ->  exp '+' exp .   (rule 7)
    exp  ->  exp . '-' exp   (rule 8)
    exp  ->  exp . '*' exp   (rule 9)
    exp  ->  exp . '/' exp   (rule 10)
    exp  ->  exp . '^' exp   (rule 12)

    '*' 	shift, and go to state 14
    '/' 	shift, and go to state 15
    '^' 	shift, and go to state 16

    $default	reduce using rule 7 (exp)



state 21

    exp  ->  exp . '+' exp   (rule 7)
    exp  ->  exp . '-' exp   (rule 8)
    exp  ->  exp . '*' exp   (rule 9)
    exp  ->  exp '*' exp .   (rule 9)
    exp  ->  exp . '/' exp   (rule 10)
    exp  ->  exp . '^' exp   (rule 12)

    '^' 	shift, and go to state 16

    $default	reduce using rule 9 (exp)



state 22

    exp  ->  exp . '+' exp   (rule 7)
    exp  ->  exp . '-' exp   (rule 8)
    exp  ->  exp . '*' exp   (rule 9)
    exp  ->  exp . '/' exp   (rule 10)
    exp  ->  exp '/' exp .   (rule 10)
    exp  ->  exp . '^' exp   (rule 12)

    '^' 	shift, and go to state 16

    $default	reduce using rule 10 (exp)



state 23

    exp  ->  exp . '+' exp   (rule 7)
    exp  ->  exp . '-' exp   (rule 8)
    exp  ->  exp . '*' exp   (rule 9)
    exp  ->  exp . '/' exp   (rule 10)
    exp  ->  exp . '^' exp   (rule 12)
    exp  ->  exp '^' exp .   (rule 12)

    '^' 	shift, and go to state 16

    $default	reduce using rule 12 (exp)



state 24

    $   	go to state 25



state 25

    $default	accept
