Grammatik

    0 $accept: E $end

    1 E: E "+" E
    2  | E "-" E
    3  | E "*" E
    4  | E "/" E
    5  | E "^" E
    6  | "(" E ")"
    7  | N


Terminale und die Regeln, in denen sie verwendet werden

$end (0) 0
error (256)
N (258) 7
"+" (259) 1
"-" (260) 2
"*" (261) 3
"/" (262) 4
"^" (263) 5
"(" (264) 6
")" (265) 6


Nicht-Terminal und die Regeln, in denen sie verwendet werden

$accept (11)
    auf der linken Seite: 0
E (12)
    auf der linken Seite: 1 2 3 4 5 6 7, auf der rechten Seite: 0 1
    2 3 4 5 6


Zustand 0

    0 $accept: . E $end

    N    schiebe und gehe zu Zustand 1 über
    "("  schiebe und gehe zu Zustand 2 über

    E  gehe zu Zustand 3 über


Zustand 1

    7 E: N .

    $default  reduziere mit Regel 7 (E)


Zustand 2

    6 E: "(" . E ")"

    N    schiebe und gehe zu Zustand 1 über
    "("  schiebe und gehe zu Zustand 2 über

    E  gehe zu Zustand 4 über


Zustand 3

    0 $accept: E . $end
    1 E: E . "+" E
    2  | E . "-" E
    3  | E . "*" E
    4  | E . "/" E
    5  | E . "^" E

    $end  schiebe und gehe zu Zustand 5 über
    "+"   schiebe und gehe zu Zustand 6 über
    "-"   schiebe und gehe zu Zustand 7 über
    "*"   schiebe und gehe zu Zustand 8 über
    "/"   schiebe und gehe zu Zustand 9 über
    "^"   schiebe und gehe zu Zustand 10 über


Zustand 4

    1 E: E . "+" E
    2  | E . "-" E
    3  | E . "*" E
    4  | E . "/" E
    5  | E . "^" E
    6  | "(" E . ")"

    "+"  schiebe und gehe zu Zustand 6 über
    "-"  schiebe und gehe zu Zustand 7 über
    "*"  schiebe und gehe zu Zustand 8 über
    "/"  schiebe und gehe zu Zustand 9 über
    "^"  schiebe und gehe zu Zustand 10 über
    ")"  schiebe und gehe zu Zustand 11 über


Zustand 5

    0 $accept: E $end .

    $default  annehmen


Zustand 6

    1 E: E "+" . E

    N    schiebe und gehe zu Zustand 1 über
    "("  schiebe und gehe zu Zustand 2 über

    E  gehe zu Zustand 12 über


Zustand 7

    2 E: E "-" . E

    N    schiebe und gehe zu Zustand 1 über
    "("  schiebe und gehe zu Zustand 2 über

    E  gehe zu Zustand 13 über


Zustand 8

    3 E: E "*" . E

    N    schiebe und gehe zu Zustand 1 über
    "("  schiebe und gehe zu Zustand 2 über

    E  gehe zu Zustand 14 über


Zustand 9

    4 E: E "/" . E

    N    schiebe und gehe zu Zustand 1 über
    "("  schiebe und gehe zu Zustand 2 über

    E  gehe zu Zustand 15 über


Zustand 10

    5 E: E "^" . E

    N    schiebe und gehe zu Zustand 1 über
    "("  schiebe und gehe zu Zustand 2 über

    E  gehe zu Zustand 16 über


Zustand 11

    6 E: "(" E ")" .

    $default  reduziere mit Regel 6 (E)


Zustand 12

    1 E: E . "+" E
    1  | E "+" E .
    2  | E . "-" E
    3  | E . "*" E
    4  | E . "/" E
    5  | E . "^" E

    "*"  schiebe und gehe zu Zustand 8 über
    "/"  schiebe und gehe zu Zustand 9 über
    "^"  schiebe und gehe zu Zustand 10 über

    $default  reduziere mit Regel 1 (E)


Zustand 13

    1 E: E . "+" E
    2  | E . "-" E
    2  | E "-" E .
    3  | E . "*" E
    4  | E . "/" E
    5  | E . "^" E

    "*"  schiebe und gehe zu Zustand 8 über
    "/"  schiebe und gehe zu Zustand 9 über
    "^"  schiebe und gehe zu Zustand 10 über

    $default  reduziere mit Regel 2 (E)


Zustand 14

    1 E: E . "+" E
    2  | E . "-" E
    3  | E . "*" E
    3  | E "*" E .
    4  | E . "/" E
    5  | E . "^" E

    "^"  schiebe und gehe zu Zustand 10 über

    $default  reduziere mit Regel 3 (E)


Zustand 15

    1 E: E . "+" E
    2  | E . "-" E
    3  | E . "*" E
    4  | E . "/" E
    4  | E "/" E .
    5  | E . "^" E

    "^"  schiebe und gehe zu Zustand 10 über

    $default  reduziere mit Regel 4 (E)


Zustand 16

    1 E: E . "+" E
    2  | E . "-" E
    3  | E . "*" E
    4  | E . "/" E
    5  | E . "^" E
    5  | E "^" E .

    "^"  schiebe und gehe zu Zustand 10 über

    $default  reduziere mit Regel 5 (E)
