Grammatik

    0 $accept: S $end

    1 S: C C

    2 C: 'x' C
    3  | 'y'


Terminale und die Regeln, in denen sie verwendet werden

$end (0) 0
'x' (120) 2
'y' (121) 3
error (256)


Nicht-Terminal und die Regeln, in denen sie verwendet werden

$accept (5)
    auf der linken Seite: 0
S (6)
    auf der linken Seite: 1, auf der rechten Seite: 0
C (7)
    auf der linken Seite: 2 3, auf der rechten Seite: 1 2


Zustand 0

    0 $accept: . S $end

    'x'  schiebe und gehe zu Zustand 1 über
    'y'  schiebe und gehe zu Zustand 2 über

    S  gehe zu Zustand 3 über
    C  gehe zu Zustand 4 über


Zustand 1

    2 C: 'x' . C

    'x'  schiebe und gehe zu Zustand 1 über
    'y'  schiebe und gehe zu Zustand 2 über

    C  gehe zu Zustand 5 über


Zustand 2

    3 C: 'y' .

    $default  reduziere mit Regel 3 (C)


Zustand 3

    0 $accept: S . $end

    $end  schiebe und gehe zu Zustand 6 über


Zustand 4

    1 S: C . C

    'x'  schiebe und gehe zu Zustand 1 über
    'y'  schiebe und gehe zu Zustand 2 über

    C  gehe zu Zustand 7 über


Zustand 5

    2 C: 'x' C .

    $default  reduziere mit Regel 2 (C)


Zustand 6

    0 $accept: S $end .

    $default  annehmen


Zustand 7

    1 S: C C .

    $default  reduziere mit Regel 1 (S)
