State 6 conflicts: 2 shift/reduce
State 7 conflicts: 2 shift/reduce


Grammatik

    0 $accept: E $end

    1 E: E '+' E
    2  | E '*' E
    3  | N


Terminale und die Regeln, in denen sie verwendet werden

$end (0) 0
'*' (42) 2
'+' (43) 1
error (256)
N (258) 3


Nicht-Terminal und die Regeln, in denen sie verwendet werden

$accept (6)
    auf der linken Seite: 0
E (7)
    auf der linken Seite: 1 2 3, auf der rechten Seite: 0 1 2


Zustand 0

    0 $accept: . E $end

    N  schiebe und gehe zu Zustand 1 über

    E  gehe zu Zustand 2 über


Zustand 1

    3 E: N .

    $default  reduziere mit Regel 3 (E)


Zustand 2

    0 $accept: E . $end
    1 E: E . '+' E
    2  | E . '*' E

    $end  schiebe und gehe zu Zustand 3 über
    '+'   schiebe und gehe zu Zustand 4 über
    '*'   schiebe und gehe zu Zustand 5 über


Zustand 3

    0 $accept: E $end .

    $default  annehmen


Zustand 4

    1 E: E '+' . E

    N  schiebe und gehe zu Zustand 1 über

    E  gehe zu Zustand 6 über


Zustand 5

    2 E: E '*' . E

    N  schiebe und gehe zu Zustand 1 über

    E  gehe zu Zustand 7 über


Zustand 6

    1 E: E . '+' E
    1  | E '+' E .
    2  | E . '*' E

    '+'  schiebe und gehe zu Zustand 4 über
    '*'  schiebe und gehe zu Zustand 5 über

    '+'       [reduziere mit Regel 1 (E)]
    '*'       [reduziere mit Regel 1 (E)]
    $default  reduziere mit Regel 1 (E)


Zustand 7

    1 E: E . '+' E
    2  | E . '*' E
    2  | E '*' E .

    '+'  schiebe und gehe zu Zustand 4 über
    '*'  schiebe und gehe zu Zustand 5 über

    '+'       [reduziere mit Regel 2 (E)]
    '*'       [reduziere mit Regel 2 (E)]
    $default  reduziere mit Regel 2 (E)
